Log file open, 02/07/19 14:21:25
LogWindows: Failed to load 'aqProf.dll' (GetLastError=126)
LogWindows: File 'aqProf.dll' does not exist
LogWindows: Failed to load 'VtuneApi.dll' (GetLastError=126)
LogWindows: File 'VtuneApi.dll' does not exist
LogWindows: Failed to load 'VtuneApi32e.dll' (GetLastError=126)
LogWindows: File 'VtuneApi32e.dll' does not exist
LogConsoleResponse: Display: Failed to find resolution value strings in scalability ini. Falling back to default.
LogInit: Display: Running engine for game: HungerGames
LogPakFile: Registered encryption key '00000000000000000000000000000000': 0 pak files mounted, 0 remain pending
LogPlatformFile: Not using cached read wrapper
LogTaskGraph: Started task graph with 5 named threads and 23 total threads with 3 sets of task threads.
LogStats: Stats thread started at 6.669807
LogD3D11RHI: Loaded GFSDK_Aftermath_Lib.x64.dll
LogICUInternationalization: ICU TimeZone Detection - Raw Offset: +3:00, Platform Override: ''
LogPluginManager: Mounting plugin Paper2D
LogPluginManager: Mounting plugin AISupport
LogPluginManager: Mounting plugin LightPropagationVolume
LogPluginManager: Mounting plugin ActorLayerUtilities
LogPluginManager: Mounting plugin CLionSourceCodeAccess
LogPluginManager: Mounting plugin CodeLiteSourceCodeAccess
LogPluginManager: Mounting plugin GitSourceControl
LogPluginManager: Mounting plugin KDevelopSourceCodeAccess
LogPluginManager: Mounting plugin NullSourceCodeAccess
LogPluginManager: Mounting plugin PerforceSourceControl
LogPluginManager: Mounting plugin SubversionSourceControl
LogPluginManager: Mounting plugin UObjectPlugin
LogPluginManager: Mounting plugin VisualStudioCodeSourceCodeAccess
LogPluginManager: Mounting plugin VisualStudioSourceCodeAccess
LogPluginManager: Mounting plugin XCodeSourceCodeAccess
LogPluginManager: Mounting plugin AssetManagerEditor
LogPluginManager: Mounting plugin CryptoKeys
LogPluginManager: Mounting plugin DataValidation
LogPluginManager: Mounting plugin FacialAnimation
LogPluginManager: Mounting plugin GameplayTagsEditor
LogPluginManager: Mounting plugin MacGraphicsSwitching
LogPluginManager: Mounting plugin MeshEditor
LogPluginManager: Mounting plugin MobileLauncherProfileWizard
LogPluginManager: Mounting plugin PluginBrowser
LogPluginManager: Mounting plugin SpeedTreeImporter
LogPluginManager: Mounting plugin DatasmithContent
LogPluginManager: Mounting plugin VariantManagerContent
LogPluginManager: Mounting plugin AlembicImporter
LogPluginManager: Mounting plugin AppleImageUtils
LogPluginManager: Mounting plugin AppleVision
LogPluginManager: Mounting plugin BackChannel
LogPluginManager: Mounting plugin CharacterAI
LogPluginManager: Mounting plugin GeometryCache
LogPluginManager: Mounting plugin HTML5Networking
LogPluginManager: Mounting plugin ProxyLODPlugin
LogPluginManager: Mounting plugin MagicLeap
LogPluginManager: Mounting plugin MagicLeapMedia
LogPluginManager: Mounting plugin AndroidMedia
LogPluginManager: Mounting plugin AvfMedia
LogPluginManager: Mounting plugin ImgMedia
LogPluginManager: Mounting plugin LinearTimecode
LogPluginManager: Mounting plugin MediaCompositing
LogPluginManager: Mounting plugin MediaPlayerEditor
LogPluginManager: Mounting plugin WebMMedia
LogPluginManager: Mounting plugin WmfMedia
LogPluginManager: Mounting plugin TcpMessaging
LogPluginManager: Mounting plugin UdpMessaging
LogPluginManager: Mounting plugin ActorSequence
LogPluginManager: Mounting plugin LevelSequenceEditor
LogPluginManager: Mounting plugin MatineeToLevelSequence
LogPluginManager: Mounting plugin NetcodeUnitTest
LogPluginManager: Mounting plugin NUTUnrealEngine4
LogPluginManager: Mounting plugin OnlineSubsystemGooglePlay
LogPluginManager: Mounting plugin OnlineSubsystemIOS
LogPluginManager: Mounting plugin OnlineSubsystem
LogPluginManager: Mounting plugin OnlineSubsystemNull
LogPluginManager: Mounting plugin OnlineSubsystemUtils
LogPluginManager: Mounting plugin LauncherChunkInstaller
LogPluginManager: Mounting plugin AndroidDeviceProfileSelector
LogPluginManager: Mounting plugin AndroidMoviePlayer
LogPluginManager: Mounting plugin AndroidPermission
LogPluginManager: Mounting plugin AppleMoviePlayer
LogPluginManager: Mounting plugin ArchVisCharacter
LogPluginManager: Mounting plugin AudioCapture
LogPluginManager: Mounting plugin CableComponent
LogPluginManager: Mounting plugin CustomMeshComponent
LogPluginManager: Mounting plugin EditableMesh
LogPluginManager: Mounting plugin ExampleDeviceProfileSelector
LogPluginManager: Mounting plugin Firebase
LogPluginManager: Mounting plugin GoogleCloudMessaging
LogPluginManager: Mounting plugin IOSDeviceProfileSelector
LogPluginManager: Mounting plugin LinuxDeviceProfileSelector
LogPluginManager: Mounting plugin LocationServicesBPLibrary
LogPluginManager: Mounting plugin MobilePatchingUtils
LogPluginManager: Mounting plugin OculusVR
LogPluginManager: Mounting plugin PhysXVehicles
LogPluginManager: Mounting plugin ProceduralMeshComponent
LogPluginManager: Mounting plugin RuntimePhysXCooking
LogPluginManager: Mounting plugin SteamVR
LogPluginManager: Mounting plugin WebMMoviePlayer
LogPluginManager: Mounting plugin WindowsMoviePlayer
LogStreaming: Display: Took  0.591s to configure plugins.
LogInit: Using libcurl 7.55.1-DEV
LogInit:  - built for x86_64-pc-win32
LogInit:  - supports SSL with OpenSSL/1.0.2h
LogInit:  - supports HTTP deflate (compression) using libz 1.2.8
LogInit:  - other features:
LogInit:      CURL_VERSION_SSL
LogInit:      CURL_VERSION_LIBZ
LogInit:      CURL_VERSION_IPV6
LogInit:      CURL_VERSION_ASYNCHDNS
LogInit:      CURL_VERSION_LARGEFILE
LogInit:      CURL_VERSION_IDN
LogInit:  CurlRequestOptions (configurable via config and command line):
LogInit:  - bVerifyPeer = true  - Libcurl will verify peer certificate
LogInit:  - bUseHttpProxy = false  - Libcurl will NOT use HTTP proxy
LogInit:  - bDontReuseConnections = false  - Libcurl will reuse connections
LogInit:  - MaxHostConnections = 16  - Libcurl will limit the number of connections to a host
LogInit:  - LocalHostAddr = Default
LogInit:  - BufferSize = 65536
LogInit: WinSock: version 1.1 (2.2), MaxSocks=32767, MaxUdp=65467
LogInit: Build: ++UE4+Release-4.21-CL-4753647
LogInit: Engine Version: 4.21.2-4753647+++UE4+Release-4.21
LogInit: Compatible Engine Version: 4.21.0-4541578+++UE4+Release-4.21
LogInit: Net CL: 4541578
LogInit: OS: Windows 10 (), CPU: AMD FX(tm)-9370 Eight-Core Processor           , GPU: NVIDIA GeForce GTX 970
LogInit: Compiled (64-bit): Jan 19 2019 02:07:31
LogInit: Compiled with Visual C++: 19.13.26129.00
LogInit: Build Configuration: Development
LogInit: Branch Name: ++UE4+Release-4.21
LogInit: Command Line: 
LogInit: Base Directory: D:/UE4/UE4 catalog/UE_4.21/Engine/Binaries/Win64/
LogInit: Installed Engine Build: 1
LogDevObjectVersion: Number of dev versions registered: 22
LogDevObjectVersion:   Dev-Blueprints (B0D832E4-1F89-4F0D-ACCF-7EB736FD4AA2): 10
LogDevObjectVersion:   Dev-Build (E1C64328-A22C-4D53-A36C-8E866417BD8C): 0
LogDevObjectVersion:   Dev-Core (375EC13C-06E4-48FB-B500-84F0262A717E): 2
LogDevObjectVersion:   Dev-Editor (E4B068ED-F494-42E9-A231-DA0B2E46BB41): 26
LogDevObjectVersion:   Dev-Framework (CFFC743F-43B0-4480-9391-14DF171D2073): 34
LogDevObjectVersion:   Dev-Mobile (B02B49B5-BB20-44E9-A304-32B752E40360): 2
LogDevObjectVersion:   Dev-Networking (A4E4105C-59A1-49B5-A7C5-40C4547EDFEE): 0
LogDevObjectVersion:   Dev-Online (39C831C9-5AE6-47DC-9A44-9C173E1C8E7C): 0
LogDevObjectVersion:   Dev-Physics (78F01B33-EBEA-4F98-B9B4-84EACCB95AA2): 0
LogDevObjectVersion:   Dev-Platform (6631380F-2D4D-43E0-8009-CF276956A95A): 0
LogDevObjectVersion:   Dev-Rendering (12F88B9F-8875-4AFC-A67C-D90C383ABD29): 27
LogDevObjectVersion:   Dev-Sequencer (7B5AE74C-D270-4C10-A958-57980B212A5A): 9
LogDevObjectVersion:   Dev-VR (D7296918-1DD6-4BDD-9DE2-64A83CC13884): 2
LogDevObjectVersion:   Dev-LoadTimes (C2A15278-BFE7-4AFE-6C17-90FF531DF755): 1
LogDevObjectVersion:   Private-Geometry (6EACA3D4-40EC-4CC1-B786-8BED09428FC5): 3
LogDevObjectVersion:   Dev-AnimPhys (29E575DD-E0A3-4627-9D10-D276232CDCEA): 17
LogDevObjectVersion:   Dev-Anim (AF43A65D-7FD3-4947-9873-3E8ED9C1BB05): 2
LogDevObjectVersion:   Dev-ReflectionCapture (6B266CEC-1EC7-4B8F-A30B-E4D90942FC07): 1
LogDevObjectVersion:   Dev-Automation (0DF73D61-A23F-47EA-B727-89E90C41499A): 1
LogDevObjectVersion:   FortniteMain (601D1886-AC64-4F84-AA16-D3DE0DEAC7D6): 17
LogDevObjectVersion:   Dev-Enterprise (9DFFBCD6-494F-0158-E221-12823C92A888): 4
LogDevObjectVersion:   Dev-Niagara (F2AED0AC-9AFE-416F-8664-AA7FFA26D6FC): 1
LogStreaming: Display: Took  0.004s to delete old logs.
LogInit: Presizing for max 8388607 objects, including 0 objects not considered by GC, pre-allocating 0 bytes for permanent pool.
LogInit: Object subsystem initialized
LogConfig: Setting CVar [[con.DebugEarlyDefault:1]]
LogConfig: Setting CVar [[r.setres:1280x720]]
[2019.02.07-11.21.28:943][  0]LogConfig: Setting CVar [[r.VSync:0]]
[2019.02.07-11.21.28:943][  0]LogConfig: Setting CVar [[r.RHICmdBypass:0]]
[2019.02.07-11.21.28:943][  0]LogConfig: Applying CVar settings from Section [/Script/Engine.RendererSettings] File [C:/Users/happy/OneDrive/Рабочий стол/Hunger-Games_2_0/HungerGames/Saved/Config/Windows/Engine.ini]
[2019.02.07-11.21.28:943][  0]LogConfig: Setting CVar [[r.GPUCrashDebugging:0]]
[2019.02.07-11.21.28:943][  0]LogConfig: Applying CVar settings from Section [/Script/Engine.RendererOverrideSettings] File [C:/Users/happy/OneDrive/Рабочий стол/Hunger-Games_2_0/HungerGames/Saved/Config/Windows/Engine.ini]
[2019.02.07-11.21.28:943][  0]LogConfig: Applying CVar settings from Section [/Script/Engine.StreamingSettings] File [C:/Users/happy/OneDrive/Рабочий стол/Hunger-Games_2_0/HungerGames/Saved/Config/Windows/Engine.ini]
[2019.02.07-11.21.28:943][  0]LogConfig: Setting CVar [[s.MinBulkDataSizeForAsyncLoading:131072]]
[2019.02.07-11.21.28:943][  0]LogConfig: Setting CVar [[s.AsyncLoadingThreadEnabled:0]]
[2019.02.07-11.21.28:943][  0]LogConfig: Setting CVar [[s.EventDrivenLoaderEnabled:1]]
[2019.02.07-11.21.28:943][  0]LogConfig: Setting CVar [[s.WarnIfTimeLimitExceeded:0]]
[2019.02.07-11.21.28:944][  0]LogConfig: Setting CVar [[s.TimeLimitExceededMultiplier:1.5]]
[2019.02.07-11.21.28:944][  0]LogConfig: Setting CVar [[s.TimeLimitExceededMinTime:0.005]]
[2019.02.07-11.21.28:944][  0]LogConfig: Setting CVar [[s.UseBackgroundLevelStreaming:1]]
[2019.02.07-11.21.28:944][  0]LogConfig: Setting CVar [[s.PriorityAsyncLoadingExtraTime:15.0]]
[2019.02.07-11.21.28:944][  0]LogConfig: Setting CVar [[s.LevelStreamingActorsUpdateTimeLimit:5.0]]
[2019.02.07-11.21.28:944][  0]LogConfig: Setting CVar [[s.PriorityLevelStreamingActorsUpdateExtraTime:5.0]]
[2019.02.07-11.21.28:944][  0]LogConfig: Setting CVar [[s.LevelStreamingComponentsRegistrationGranularity:10]]
[2019.02.07-11.21.28:944][  0]LogConfig: Setting CVar [[s.UnregisterComponentsTimeLimit:1.0]]
[2019.02.07-11.21.28:944][  0]LogConfig: Setting CVar [[s.LevelStreamingComponentsUnregistrationGranularity:5]]
[2019.02.07-11.21.28:944][  0]LogConfig: Applying CVar settings from Section [/Script/Engine.GarbageCollectionSettings] File [C:/Users/happy/OneDrive/Рабочий стол/Hunger-Games_2_0/HungerGames/Saved/Config/Windows/Engine.ini]
[2019.02.07-11.21.28:944][  0]LogConfig: Setting CVar [[gc.MaxObjectsNotConsideredByGC:1]]
[2019.02.07-11.21.28:944][  0]LogConfig: Setting CVar [[gc.SizeOfPermanentObjectPool:0]]
[2019.02.07-11.21.28:944][  0]LogConfig: Setting CVar [[gc.FlushStreamingOnGC:0]]
[2019.02.07-11.21.28:944][  0]LogConfig: Setting CVar [[gc.NumRetriesBeforeForcingGC:10]]
[2019.02.07-11.21.28:944][  0]LogConfig: Setting CVar [[gc.AllowParallelGC:1]]
[2019.02.07-11.21.28:944][  0]LogConfig: Setting CVar [[gc.TimeBetweenPurgingPendingKillObjects:61.1]]
[2019.02.07-11.21.28:944][  0]LogConfig: Setting CVar [[gc.MaxObjectsInEditor:8388607]]
[2019.02.07-11.21.28:944][  0]LogConfig: Setting CVar [[gc.IncrementalBeginDestroyEnabled:1]]
[2019.02.07-11.21.28:944][  0]LogConfig: Setting CVar [[gc.CreateGCClusters:1]]
[2019.02.07-11.21.28:944][  0]LogConfig: Setting CVar [[gc.MergeGCClusters:0]]
[2019.02.07-11.21.28:944][  0]LogConfig: Setting CVar [[gc.MinGCClusterSize:5]]
[2019.02.07-11.21.28:944][  0]LogConfig: Setting CVar [[gc.ActorClusteringEnabled:0]]
[2019.02.07-11.21.28:944][  0]LogConfig: Setting CVar [[gc.BlueprintClusteringEnabled:0]]
[2019.02.07-11.21.28:944][  0]LogConfig: Setting CVar [[gc.UseDisregardForGCOnDedicatedServers:0]]
[2019.02.07-11.21.28:944][  0]LogConfig: Applying CVar settings from Section [/Script/Engine.NetworkSettings] File [C:/Users/happy/OneDrive/Рабочий стол/Hunger-Games_2_0/HungerGames/Saved/Config/Windows/Engine.ini]
[2019.02.07-11.21.28:944][  0]LogConfig: Applying CVar settings from Section [/Script/UnrealEd.CookerSettings] File [C:/Users/happy/OneDrive/Рабочий стол/Hunger-Games_2_0/HungerGames/Saved/Config/Windows/Engine.ini]
[2019.02.07-11.21.29:084][  0]LogConfig: Applying CVar settings from Section [ViewDistanceQuality@3] File [C:/Users/happy/OneDrive/Рабочий стол/Hunger-Games_2_0/HungerGames/Saved/Config/Windows/Scalability.ini]
[2019.02.07-11.21.29:084][  0]LogConfig: Setting CVar [[r.SkeletalMeshLODBias:0]]
[2019.02.07-11.21.29:084][  0]LogConfig: Setting CVar [[r.ViewDistanceScale:1.0]]
[2019.02.07-11.21.29:084][  0]LogConfig: Applying CVar settings from Section [AntiAliasingQuality@3] File [C:/Users/happy/OneDrive/Рабочий стол/Hunger-Games_2_0/HungerGames/Saved/Config/Windows/Scalability.ini]
[2019.02.07-11.21.29:084][  0]LogConfig: Setting CVar [[r.PostProcessAAQuality:4]]
[2019.02.07-11.21.29:084][  0]LogConfig: Applying CVar settings from Section [ShadowQuality@3] File [C:/Users/happy/OneDrive/Рабочий стол/Hunger-Games_2_0/HungerGames/Saved/Config/Windows/Scalability.ini]
[2019.02.07-11.21.29:084][  0]LogConfig: Setting CVar [[r.LightFunctionQuality:1]]
[2019.02.07-11.21.29:084][  0]LogConfig: Setting CVar [[r.ShadowQuality:5]]
[2019.02.07-11.21.29:084][  0]LogConfig: Setting CVar [[r.Shadow.CSM.MaxCascades:10]]
[2019.02.07-11.21.29:084][  0]LogConfig: Setting CVar [[r.Shadow.MaxResolution:2048]]
[2019.02.07-11.21.29:084][  0]LogConfig: Setting CVar [[r.Shadow.MaxCSMResolution:2048]]
[2019.02.07-11.21.29:084][  0]LogConfig: Setting CVar [[r.Shadow.RadiusThreshold:0.01]]
[2019.02.07-11.21.29:084][  0]LogConfig: Setting CVar [[r.Shadow.DistanceScale:1.0]]
[2019.02.07-11.21.29:084][  0]LogConfig: Setting CVar [[r.Shadow.CSM.TransitionScale:1.0]]
[2019.02.07-11.21.29:084][  0]LogConfig: Setting CVar [[r.Shadow.PreShadowResolutionFactor:1.0]]
[2019.02.07-11.21.29:084][  0]LogConfig: Setting CVar [[r.DistanceFieldShadowing:1]]
[2019.02.07-11.21.29:084][  0]LogConfig: Setting CVar [[r.DistanceFieldAO:1]]
[2019.02.07-11.21.29:084][  0]LogConfig: Setting CVar [[r.AOQuality:2]]
[2019.02.07-11.21.29:084][  0]LogConfig: Setting CVar [[r.VolumetricFog:1]]
[2019.02.07-11.21.29:084][  0]LogConfig: Setting CVar [[r.VolumetricFog.GridPixelSize:8]]
[2019.02.07-11.21.29:084][  0]LogConfig: Setting CVar [[r.VolumetricFog.GridSizeZ:128]]
[2019.02.07-11.21.29:084][  0]LogConfig: Setting CVar [[r.VolumetricFog.HistoryMissSupersampleCount:4]]
[2019.02.07-11.21.29:085][  0]LogConfig: Setting CVar [[r.LightMaxDrawDistanceScale:1]]
[2019.02.07-11.21.29:085][  0]LogConfig: Setting CVar [[r.CapsuleShadows:1]]
[2019.02.07-11.21.29:085][  0]LogConfig: Applying CVar settings from Section [PostProcessQuality@3] File [C:/Users/happy/OneDrive/Рабочий стол/Hunger-Games_2_0/HungerGames/Saved/Config/Windows/Scalability.ini]
[2019.02.07-11.21.29:085][  0]LogConfig: Setting CVar [[r.MotionBlurQuality:4]]
[2019.02.07-11.21.29:085][  0]LogConfig: Setting CVar [[r.AmbientOcclusionMipLevelFactor:0.4]]
[2019.02.07-11.21.29:085][  0]LogConfig: Setting CVar [[r.AmbientOcclusionMaxQuality:100]]
[2019.02.07-11.21.29:085][  0]LogConfig: Setting CVar [[r.AmbientOcclusionLevels:-1]]
[2019.02.07-11.21.29:085][  0]LogConfig: Setting CVar [[r.AmbientOcclusionRadiusScale:1.0]]
[2019.02.07-11.21.29:085][  0]LogConfig: Setting CVar [[r.DepthOfFieldQuality:2]]
[2019.02.07-11.21.29:085][  0]LogConfig: Setting CVar [[r.RenderTargetPoolMin:400]]
[2019.02.07-11.21.29:085][  0]LogConfig: Setting CVar [[r.LensFlareQuality:2]]
[2019.02.07-11.21.29:085][  0]LogConfig: Setting CVar [[r.SceneColorFringeQuality:1]]
[2019.02.07-11.21.29:085][  0]LogConfig: Setting CVar [[r.EyeAdaptationQuality:2]]
[2019.02.07-11.21.29:085][  0]LogConfig: Setting CVar [[r.BloomQuality:5]]
[2019.02.07-11.21.29:085][  0]LogConfig: Setting CVar [[r.FastBlurThreshold:100]]
[2019.02.07-11.21.29:085][  0]LogConfig: Setting CVar [[r.Upscale.Quality:3]]
[2019.02.07-11.21.29:085][  0]LogConfig: Setting CVar [[r.Tonemapper.GrainQuantization:1]]
[2019.02.07-11.21.29:085][  0]LogConfig: Setting CVar [[r.LightShaftQuality:1]]
[2019.02.07-11.21.29:085][  0]LogConfig: Setting CVar [[r.Filter.SizeScale:1]]
[2019.02.07-11.21.29:085][  0]LogConfig: Setting CVar [[r.Tonemapper.Quality:5]]
[2019.02.07-11.21.29:085][  0]LogConfig: Setting CVar [[r.DOF.Gather.AccumulatorQuality:1        ; higher gathering accumulator quality]]
[2019.02.07-11.21.29:085][  0]LogConfig: Setting CVar [[r.DOF.Gather.PostfilterMethod:1          ; Median3x3 postfilering method]]
[2019.02.07-11.21.29:085][  0]LogConfig: Setting CVar [[r.DOF.Gather.EnableBokehSettings:0       ; no bokeh simulation when gathering]]
[2019.02.07-11.21.29:085][  0]LogConfig: Setting CVar [[r.DOF.Gather.RingCount:4                 ; medium number of samples when gathering]]
[2019.02.07-11.21.29:085][  0]LogConfig: Setting CVar [[r.DOF.Scatter.ForegroundCompositing:1    ; additive foreground scattering]]
[2019.02.07-11.21.29:085][  0]LogConfig: Setting CVar [[r.DOF.Scatter.BackgroundCompositing:2    ; additive background scattering]]
[2019.02.07-11.21.29:085][  0]LogConfig: Setting CVar [[r.DOF.Scatter.EnableBokehSettings:1      ; bokeh simulation when scattering]]
[2019.02.07-11.21.29:085][  0]LogConfig: Setting CVar [[r.DOF.Scatter.MaxSpriteRatio:0.1         ; only a maximum of 10% of scattered bokeh]]
[2019.02.07-11.21.29:085][  0]LogConfig: Setting CVar [[r.DOF.Recombine.Quality:1                ; cheap slight out of focus]]
[2019.02.07-11.21.29:085][  0]LogConfig: Setting CVar [[r.DOF.Recombine.EnableBokehSettings:0    ; no bokeh simulation on slight out of focus]]
[2019.02.07-11.21.29:085][  0]LogConfig: Setting CVar [[r.DOF.TemporalAAQuality:1                ; more stable temporal accumulation]]
[2019.02.07-11.21.29:085][  0]LogConfig: Setting CVar [[r.DOF.Kernel.MaxForegroundRadius:0.025]]
[2019.02.07-11.21.29:085][  0]LogConfig: Setting CVar [[r.DOF.Kernel.MaxBackgroundRadius:0.025]]
[2019.02.07-11.21.29:085][  0]LogConfig: Applying CVar settings from Section [TextureQuality@3] File [C:/Users/happy/OneDrive/Рабочий стол/Hunger-Games_2_0/HungerGames/Saved/Config/Windows/Scalability.ini]
[2019.02.07-11.21.29:085][  0]LogConfig: Setting CVar [[r.Streaming.MipBias:0]]
[2019.02.07-11.21.29:085][  0]LogConfig: Setting CVar [[r.Streaming.AmortizeCPUToGPUCopy:0]]
[2019.02.07-11.21.29:085][  0]LogConfig: Setting CVar [[r.Streaming.MaxNumTexturesToStreamPerFrame:0]]
[2019.02.07-11.21.29:085][  0]LogConfig: Setting CVar [[r.Streaming.Boost:1]]
[2019.02.07-11.21.29:085][  0]LogConfig: Setting CVar [[r.MaxAnisotropy:8]]
[2019.02.07-11.21.29:085][  0]LogConfig: Setting CVar [[r.Streaming.LimitPoolSizeToVRAM:0]]
[2019.02.07-11.21.29:085][  0]LogConfig: Setting CVar [[r.Streaming.PoolSize:1000]]
[2019.02.07-11.21.29:085][  0]LogConfig: Setting CVar [[r.Streaming.MaxEffectiveScreenSize:0]]
[2019.02.07-11.21.29:085][  0]LogConfig: Applying CVar settings from Section [EffectsQuality@3] File [C:/Users/happy/OneDrive/Рабочий стол/Hunger-Games_2_0/HungerGames/Saved/Config/Windows/Scalability.ini]
[2019.02.07-11.21.29:085][  0]LogConfig: Setting CVar [[r.TranslucencyLightingVolumeDim:64]]
[2019.02.07-11.21.29:085][  0]LogConfig: Setting CVar [[r.RefractionQuality:2]]
[2019.02.07-11.21.29:085][  0]LogConfig: Setting CVar [[r.SSR.Quality:3]]
[2019.02.07-11.21.29:085][  0]LogConfig: Setting CVar [[r.SceneColorFormat:4]]
[2019.02.07-11.21.29:085][  0]LogConfig: Setting CVar [[r.DetailMode:2]]
[2019.02.07-11.21.29:085][  0]LogConfig: Setting CVar [[r.TranslucencyVolumeBlur:1]]
[2019.02.07-11.21.29:085][  0]LogConfig: Setting CVar [[r.MaterialQualityLevel:1 ; High quality]]
[2019.02.07-11.21.29:085][  0]LogConfig: Setting CVar [[r.SSS.Scale:1]]
[2019.02.07-11.21.29:085][  0]LogConfig: Setting CVar [[r.SSS.SampleSet:2]]
[2019.02.07-11.21.29:085][  0]LogConfig: Setting CVar [[r.SSS.Quality:1]]
[2019.02.07-11.21.29:085][  0]LogConfig: Setting CVar [[r.SSS.HalfRes:1]]
[2019.02.07-11.21.29:085][  0]LogConfig: Setting CVar [[r.EmitterSpawnRateScale:1.0]]
[2019.02.07-11.21.29:085][  0]LogConfig: Setting CVar [[r.ParticleLightQuality:2]]
[2019.02.07-11.21.29:085][  0]LogConfig: Applying CVar settings from Section [FoliageQuality@3] File [C:/Users/happy/OneDrive/Рабочий стол/Hunger-Games_2_0/HungerGames/Saved/Config/Windows/Scalability.ini]
[2019.02.07-11.21.29:085][  0]LogConfig: Setting CVar [[foliage.DensityScale:1.0]]
[2019.02.07-11.21.29:085][  0]LogConfig: Setting CVar [[grass.DensityScale:1.0]]
[2019.02.07-11.21.29:106][  0]LogInit: Selected Device Profile: [Windows]
[2019.02.07-11.21.29:107][  0]LogInit: Applying CVar settings loaded from the selected device profile: [Windows]
[2019.02.07-11.21.29:192][  0]LogHAL: Display: Platform has ~ 16 GB [17074769920 / 17179869184 / 16], which maps to Larger [LargestMinGB=32, LargerMinGB=12, DefaultMinGB=8, SmallerMinGB=6, SmallestMinGB=0)
[2019.02.07-11.21.29:213][  0]LogConfig: Setting CVar [[r.Vulkan.UseRealUBs:1]]
[2019.02.07-11.21.29:213][  0]LogInit: Going up to parent DeviceProfile []
[2019.02.07-11.21.29:213][  0]LogConfig: Applying CVar settings from Section [ViewDistanceQuality@3] File [C:/Users/happy/OneDrive/Рабочий стол/Hunger-Games_2_0/HungerGames/Saved/Config/Windows/Scalability.ini]
[2019.02.07-11.21.29:213][  0]LogConfig: Setting CVar [[r.SkeletalMeshLODBias:0]]
[2019.02.07-11.21.29:213][  0]LogConfig: Setting CVar [[r.ViewDistanceScale:1.0]]
[2019.02.07-11.21.29:213][  0]LogConfig: Applying CVar settings from Section [AntiAliasingQuality@3] File [C:/Users/happy/OneDrive/Рабочий стол/Hunger-Games_2_0/HungerGames/Saved/Config/Windows/Scalability.ini]
[2019.02.07-11.21.29:213][  0]LogConfig: Setting CVar [[r.PostProcessAAQuality:4]]
[2019.02.07-11.21.29:213][  0]LogConfig: Applying CVar settings from Section [ShadowQuality@3] File [C:/Users/happy/OneDrive/Рабочий стол/Hunger-Games_2_0/HungerGames/Saved/Config/Windows/Scalability.ini]
[2019.02.07-11.21.29:213][  0]LogConfig: Setting CVar [[r.LightFunctionQuality:1]]
[2019.02.07-11.21.29:213][  0]LogConfig: Setting CVar [[r.ShadowQuality:5]]
[2019.02.07-11.21.29:213][  0]LogConfig: Setting CVar [[r.Shadow.CSM.MaxCascades:10]]
[2019.02.07-11.21.29:213][  0]LogConfig: Setting CVar [[r.Shadow.MaxResolution:2048]]
[2019.02.07-11.21.29:213][  0]LogConfig: Setting CVar [[r.Shadow.MaxCSMResolution:2048]]
[2019.02.07-11.21.29:213][  0]LogConfig: Setting CVar [[r.Shadow.RadiusThreshold:0.01]]
[2019.02.07-11.21.29:214][  0]LogConfig: Setting CVar [[r.Shadow.DistanceScale:1.0]]
[2019.02.07-11.21.29:214][  0]LogConfig: Setting CVar [[r.Shadow.CSM.TransitionScale:1.0]]
[2019.02.07-11.21.29:214][  0]LogConfig: Setting CVar [[r.Shadow.PreShadowResolutionFactor:1.0]]
[2019.02.07-11.21.29:214][  0]LogConfig: Setting CVar [[r.DistanceFieldShadowing:1]]
[2019.02.07-11.21.29:214][  0]LogConfig: Setting CVar [[r.DistanceFieldAO:1]]
[2019.02.07-11.21.29:214][  0]LogConfig: Setting CVar [[r.AOQuality:2]]
[2019.02.07-11.21.29:214][  0]LogConfig: Setting CVar [[r.VolumetricFog:1]]
[2019.02.07-11.21.29:214][  0]LogConfig: Setting CVar [[r.VolumetricFog.GridPixelSize:8]]
[2019.02.07-11.21.29:214][  0]LogConfig: Setting CVar [[r.VolumetricFog.GridSizeZ:128]]
[2019.02.07-11.21.29:214][  0]LogConfig: Setting CVar [[r.VolumetricFog.HistoryMissSupersampleCount:4]]
[2019.02.07-11.21.29:214][  0]LogConfig: Setting CVar [[r.LightMaxDrawDistanceScale:1]]
[2019.02.07-11.21.29:214][  0]LogConfig: Setting CVar [[r.CapsuleShadows:1]]
[2019.02.07-11.21.29:214][  0]LogConfig: Applying CVar settings from Section [PostProcessQuality@3] File [C:/Users/happy/OneDrive/Рабочий стол/Hunger-Games_2_0/HungerGames/Saved/Config/Windows/Scalability.ini]
[2019.02.07-11.21.29:214][  0]LogConfig: Setting CVar [[r.MotionBlurQuality:4]]
[2019.02.07-11.21.29:214][  0]LogConfig: Setting CVar [[r.AmbientOcclusionMipLevelFactor:0.4]]
[2019.02.07-11.21.29:214][  0]LogConfig: Setting CVar [[r.AmbientOcclusionMaxQuality:100]]
[2019.02.07-11.21.29:214][  0]LogConfig: Setting CVar [[r.AmbientOcclusionLevels:-1]]
[2019.02.07-11.21.29:214][  0]LogConfig: Setting CVar [[r.AmbientOcclusionRadiusScale:1.0]]
[2019.02.07-11.21.29:214][  0]LogConfig: Setting CVar [[r.DepthOfFieldQuality:2]]
[2019.02.07-11.21.29:214][  0]LogConfig: Setting CVar [[r.RenderTargetPoolMin:400]]
[2019.02.07-11.21.29:214][  0]LogConfig: Setting CVar [[r.LensFlareQuality:2]]
[2019.02.07-11.21.29:214][  0]LogConfig: Setting CVar [[r.SceneColorFringeQuality:1]]
[2019.02.07-11.21.29:214][  0]LogConfig: Setting CVar [[r.EyeAdaptationQuality:2]]
[2019.02.07-11.21.29:214][  0]LogConfig: Setting CVar [[r.BloomQuality:5]]
[2019.02.07-11.21.29:214][  0]LogConfig: Setting CVar [[r.FastBlurThreshold:100]]
[2019.02.07-11.21.29:214][  0]LogConfig: Setting CVar [[r.Upscale.Quality:3]]
[2019.02.07-11.21.29:214][  0]LogConfig: Setting CVar [[r.Tonemapper.GrainQuantization:1]]
[2019.02.07-11.21.29:214][  0]LogConfig: Setting CVar [[r.LightShaftQuality:1]]
[2019.02.07-11.21.29:214][  0]LogConfig: Setting CVar [[r.Filter.SizeScale:1]]
[2019.02.07-11.21.29:214][  0]LogConfig: Setting CVar [[r.Tonemapper.Quality:5]]
[2019.02.07-11.21.29:214][  0]LogConfig: Setting CVar [[r.DOF.Gather.AccumulatorQuality:1        ; higher gathering accumulator quality]]
[2019.02.07-11.21.29:214][  0]LogConfig: Setting CVar [[r.DOF.Gather.PostfilterMethod:1          ; Median3x3 postfilering method]]
[2019.02.07-11.21.29:214][  0]LogConfig: Setting CVar [[r.DOF.Gather.EnableBokehSettings:0       ; no bokeh simulation when gathering]]
[2019.02.07-11.21.29:214][  0]LogConfig: Setting CVar [[r.DOF.Gather.RingCount:4                 ; medium number of samples when gathering]]
[2019.02.07-11.21.29:214][  0]LogConfig: Setting CVar [[r.DOF.Scatter.ForegroundCompositing:1    ; additive foreground scattering]]
[2019.02.07-11.21.29:214][  0]LogConfig: Setting CVar [[r.DOF.Scatter.BackgroundCompositing:2    ; additive background scattering]]
[2019.02.07-11.21.29:214][  0]LogConfig: Setting CVar [[r.DOF.Scatter.EnableBokehSettings:1      ; bokeh simulation when scattering]]
[2019.02.07-11.21.29:214][  0]LogConfig: Setting CVar [[r.DOF.Scatter.MaxSpriteRatio:0.1         ; only a maximum of 10% of scattered bokeh]]
[2019.02.07-11.21.29:214][  0]LogConfig: Setting CVar [[r.DOF.Recombine.Quality:1                ; cheap slight out of focus]]
[2019.02.07-11.21.29:214][  0]LogConfig: Setting CVar [[r.DOF.Recombine.EnableBokehSettings:0    ; no bokeh simulation on slight out of focus]]
[2019.02.07-11.21.29:214][  0]LogConfig: Setting CVar [[r.DOF.TemporalAAQuality:1                ; more stable temporal accumulation]]
[2019.02.07-11.21.29:214][  0]LogConfig: Setting CVar [[r.DOF.Kernel.MaxForegroundRadius:0.025]]
[2019.02.07-11.21.29:214][  0]LogConfig: Setting CVar [[r.DOF.Kernel.MaxBackgroundRadius:0.025]]
[2019.02.07-11.21.29:214][  0]LogConfig: Applying CVar settings from Section [TextureQuality@3] File [C:/Users/happy/OneDrive/Рабочий стол/Hunger-Games_2_0/HungerGames/Saved/Config/Windows/Scalability.ini]
[2019.02.07-11.21.29:214][  0]LogConfig: Setting CVar [[r.Streaming.MipBias:0]]
[2019.02.07-11.21.29:214][  0]LogConfig: Setting CVar [[r.Streaming.AmortizeCPUToGPUCopy:0]]
[2019.02.07-11.21.29:214][  0]LogConfig: Setting CVar [[r.Streaming.MaxNumTexturesToStreamPerFrame:0]]
[2019.02.07-11.21.29:214][  0]LogConfig: Setting CVar [[r.Streaming.Boost:1]]
[2019.02.07-11.21.29:214][  0]LogConfig: Setting CVar [[r.MaxAnisotropy:8]]
[2019.02.07-11.21.29:214][  0]LogConfig: Setting CVar [[r.Streaming.LimitPoolSizeToVRAM:0]]
[2019.02.07-11.21.29:214][  0]LogConfig: Setting CVar [[r.Streaming.PoolSize:1000]]
[2019.02.07-11.21.29:214][  0]LogConfig: Setting CVar [[r.Streaming.MaxEffectiveScreenSize:0]]
[2019.02.07-11.21.29:214][  0]LogConfig: Applying CVar settings from Section [EffectsQuality@3] File [C:/Users/happy/OneDrive/Рабочий стол/Hunger-Games_2_0/HungerGames/Saved/Config/Windows/Scalability.ini]
[2019.02.07-11.21.29:214][  0]LogConfig: Setting CVar [[r.TranslucencyLightingVolumeDim:64]]
[2019.02.07-11.21.29:214][  0]LogConfig: Setting CVar [[r.RefractionQuality:2]]
[2019.02.07-11.21.29:214][  0]LogConfig: Setting CVar [[r.SSR.Quality:3]]
[2019.02.07-11.21.29:214][  0]LogConfig: Setting CVar [[r.SceneColorFormat:4]]
[2019.02.07-11.21.29:214][  0]LogConfig: Setting CVar [[r.DetailMode:2]]
[2019.02.07-11.21.29:214][  0]LogConfig: Setting CVar [[r.TranslucencyVolumeBlur:1]]
[2019.02.07-11.21.29:214][  0]LogConfig: Setting CVar [[r.MaterialQualityLevel:1 ; High quality]]
[2019.02.07-11.21.29:214][  0]LogConfig: Setting CVar [[r.SSS.Scale:1]]
[2019.02.07-11.21.29:214][  0]LogConfig: Setting CVar [[r.SSS.SampleSet:2]]
[2019.02.07-11.21.29:214][  0]LogConfig: Setting CVar [[r.SSS.Quality:1]]
[2019.02.07-11.21.29:215][  0]LogConfig: Setting CVar [[r.SSS.HalfRes:1]]
[2019.02.07-11.21.29:215][  0]LogConfig: Setting CVar [[r.EmitterSpawnRateScale:1.0]]
[2019.02.07-11.21.29:215][  0]LogConfig: Setting CVar [[r.ParticleLightQuality:2]]
[2019.02.07-11.21.29:215][  0]LogConfig: Applying CVar settings from Section [FoliageQuality@3] File [C:/Users/happy/OneDrive/Рабочий стол/Hunger-Games_2_0/HungerGames/Saved/Config/Windows/Scalability.ini]
[2019.02.07-11.21.29:215][  0]LogConfig: Setting CVar [[foliage.DensityScale:1.0]]
[2019.02.07-11.21.29:215][  0]LogConfig: Setting CVar [[grass.DensityScale:1.0]]
[2019.02.07-11.21.29:215][  0]LogConfig: Applying CVar settings from Section [Startup] File [../../../Engine/Config/ConsoleVariables.ini]
[2019.02.07-11.21.29:242][  0]LogConfig: Setting CVar [[net.UseAdaptiveNetUpdateFrequency:0]]
[2019.02.07-11.21.29:242][  0]LogConfig: Applying CVar settings from Section [ConsoleVariables] File [C:/Users/happy/OneDrive/Рабочий стол/Hunger-Games_2_0/HungerGames/Saved/Config/Windows/Engine.ini]
[2019.02.07-11.21.29:283][  0]LogInit: Computer: DESKTOP-4EG7N1S
[2019.02.07-11.21.29:283][  0]LogInit: User: happy
[2019.02.07-11.21.29:283][  0]LogInit: CPU Page size=4096, Cores=4
[2019.02.07-11.21.29:283][  0]LogInit: High frequency timer resolution =4.311324 MHz
[2019.02.07-11.21.29:283][  0]LogMemory: Memory total: Physical=15.9GB (16GB approx)
[2019.02.07-11.21.29:283][  0]LogMemory: Platform Memory Stats for Windows
[2019.02.07-11.21.29:283][  0]LogMemory: Process Physical Memory: 102.38 MB used, 102.38 MB peak
[2019.02.07-11.21.29:283][  0]LogMemory: Process Virtual Memory: 91.38 MB used, 91.38 MB peak
[2019.02.07-11.21.29:284][  0]LogMemory: Physical Memory: 6988.42 MB used,  9295.35 MB free, 16283.77 MB total
[2019.02.07-11.21.29:284][  0]LogMemory: Virtual Memory: 4638.63 MB used,  134213088.00 MB free, 134217728.00 MB total
[2019.02.07-11.21.30:115][  0]LogInit: Using OS detected language (ru-RU).
[2019.02.07-11.21.30:115][  0]LogInit: Using OS detected locale (ru-RU).
[2019.02.07-11.21.30:228][  0]LogTextLocalizationManager: No specific localization for 'ru-RU' exists, so the 'ru' localization will be used.
[2019.02.07-11.21.30:382][  0]LogStreaming: Display: Took  0.286s to InitEngineTextLocalization.
[2019.02.07-11.21.30:418][  0]LogInit: Setting process to per monitor DPI aware
[2019.02.07-11.21.31:409][  0]LogSlate: New Slate User Created.  User Index 0, Is Virtual User: 0
[2019.02.07-11.21.31:409][  0]LogSlate: Slate User Registered.  User Index 0, Is Virtual User: 0
[2019.02.07-11.21.33:105][  0]LogHMD: Failed to initialize OpenVR with code 110
[2019.02.07-11.21.33:105][  0]LogD3D11RHI: D3D11 adapters:
[2019.02.07-11.21.33:206][  0]LogD3D11RHI:    0. 'NVIDIA GeForce GTX 970' (Feature Level 11_0)
[2019.02.07-11.21.33:206][  0]LogD3D11RHI:       4043/0/8141 MB DedicatedVideo/DedicatedSystem/SharedSystem, Outputs:1, VendorId:0x10de
[2019.02.07-11.21.33:211][  0]LogD3D11RHI:    1. 'Microsoft Basic Render Driver' (Feature Level 11_0)
[2019.02.07-11.21.33:211][  0]LogD3D11RHI:       0/0/8141 MB DedicatedVideo/DedicatedSystem/SharedSystem, Outputs:0, VendorId:0x1414
[2019.02.07-11.21.33:211][  0]LogD3D11RHI: Chosen D3D11 Adapter: 0
[2019.02.07-11.21.33:238][  0]LogD3D11RHI: Creating new Direct3DDevice
[2019.02.07-11.21.33:238][  0]LogD3D11RHI:     GPU DeviceId: 0x13c2 (for the marketing name, search the web for "GPU Device Id")
[2019.02.07-11.21.33:238][  0]LogWindows: EnumDisplayDevices:
[2019.02.07-11.21.33:239][  0]LogWindows:    0. 'NVIDIA GeForce GTX 970' (P:1 D:1)
[2019.02.07-11.21.33:262][  0]LogWindows:    1. 'NVIDIA GeForce GTX 970' (P:0 D:0)
[2019.02.07-11.21.33:262][  0]LogWindows:    2. 'NVIDIA GeForce GTX 970' (P:0 D:0)
[2019.02.07-11.21.33:263][  0]LogWindows:    3. 'NVIDIA GeForce GTX 970' (P:0 D:0)
[2019.02.07-11.21.33:263][  0]LogWindows: DebugString: FoundDriverCount:4 
[2019.02.07-11.21.33:263][  0]LogD3D11RHI:     Adapter Name: NVIDIA GeForce GTX 970
[2019.02.07-11.21.33:264][  0]LogD3D11RHI:   Driver Version: 391.01 (internal:23.21.13.9101, unified:391.01)
[2019.02.07-11.21.33:264][  0]LogD3D11RHI:      Driver Date: 2-23-2018
[2019.02.07-11.21.33:264][  0]LogRHI: Texture pool is 2830 MB (70% of 4043 MB)
[2019.02.07-11.21.33:351][  0]LogD3D11RHI: Async texture creation enabled
[2019.02.07-11.21.33:787][  0]LogD3D11RHI: GPU Timing Frequency: 1000.000000 (Debug: 2 2)
[2019.02.07-11.21.34:713][  0]LogTemp: Display: Loaded TP AllDesktopTargetPlatform
[2019.02.07-11.21.34:774][  0]LogTemp: Display: Loaded TP MacClientTargetPlatform
[2019.02.07-11.21.34:800][  0]LogTemp: Display: Loaded TP MacNoEditorTargetPlatform
[2019.02.07-11.21.34:823][  0]LogTemp: Display: Loaded TP MacServerTargetPlatform
[2019.02.07-11.21.34:875][  0]LogTemp: Display: Loaded TP MacTargetPlatform
[2019.02.07-11.21.34:935][  0]LogTemp: Display: Loaded TP WindowsClientTargetPlatform
[2019.02.07-11.21.34:965][  0]LogTemp: Display: Loaded TP WindowsNoEditorTargetPlatform
[2019.02.07-11.21.34:984][  0]LogTemp: Display: Loaded TP WindowsServerTargetPlatform
[2019.02.07-11.21.34:994][  0]LogTemp: Display: Loaded TP WindowsTargetPlatform
[2019.02.07-11.21.35:155][  0]LogTemp: Display: Loaded TP AndroidTargetPlatform
[2019.02.07-11.21.35:155][  0]LogTemp: Display: Loaded TP AndroidTargetPlatform
[2019.02.07-11.21.35:155][  0]LogTemp: Display: Loaded TP AndroidTargetPlatform
[2019.02.07-11.21.35:155][  0]LogTemp: Display: Loaded TP AndroidTargetPlatform
[2019.02.07-11.21.35:155][  0]LogTemp: Display: Loaded TP AndroidTargetPlatform
[2019.02.07-11.21.35:155][  0]LogTemp: Display: Loaded TP AndroidTargetPlatform
[2019.02.07-11.21.35:155][  0]LogTemp: Display: Loaded TP AndroidTargetPlatform
[2019.02.07-11.21.35:155][  0]LogTemp: Display: Loaded TP AndroidTargetPlatform
[2019.02.07-11.21.35:155][  0]LogTemp: Display: Loaded TP AndroidTargetPlatform
[2019.02.07-11.21.35:155][  0]LogTemp: Display: Loaded TP AndroidTargetPlatform
[2019.02.07-11.21.35:155][  0]LogTemp: Display: Loaded TP AndroidTargetPlatform
[2019.02.07-11.21.35:155][  0]LogTemp: Display: Loaded TP AndroidTargetPlatform
[2019.02.07-11.21.35:155][  0]LogTemp: Display: Loaded TP AndroidTargetPlatform
[2019.02.07-11.21.35:155][  0]LogTemp: Display: Loaded TP AndroidTargetPlatform
[2019.02.07-11.21.35:155][  0]LogTemp: Display: Loaded TP AndroidTargetPlatform
[2019.02.07-11.21.35:155][  0]LogTemp: Display: Loaded TP AndroidTargetPlatform
[2019.02.07-11.21.35:155][  0]LogTemp: Display: Loaded TP AndroidTargetPlatform
[2019.02.07-11.21.35:155][  0]LogTemp: Display: Loaded TP AndroidTargetPlatform
[2019.02.07-11.21.35:171][  0]LogTemp: Display: Loaded TP HTML5TargetPlatform
[2019.02.07-11.21.35:279][  0]LogTemp: Display: Loaded TP IOSTargetPlatform
[2019.02.07-11.21.35:279][  0]LogTemp: Display: Loaded TP IOSTargetPlatform
[2019.02.07-11.21.35:327][  0]LogTemp: Display: Loaded TP TVOSTargetPlatform
[2019.02.07-11.21.35:327][  0]LogTemp: Display: Loaded TP TVOSTargetPlatform
[2019.02.07-11.21.35:352][  0]LogTemp: Display: Loaded TP LinuxClientTargetPlatform
[2019.02.07-11.21.35:374][  0]LogTemp: Display: Loaded TP LinuxNoEditorTargetPlatform
[2019.02.07-11.21.35:397][  0]LogTemp: Display: Loaded TP LinuxServerTargetPlatform
[2019.02.07-11.21.35:421][  0]LogTemp: Display: Loaded TP LinuxTargetPlatform
[2019.02.07-11.21.35:509][  0]LogTemp: Display: Loaded TP LuminTargetPlatform
[2019.02.07-11.21.35:509][  0]LogTemp: Display: Loaded TP LuminTargetPlatform
[2019.02.07-11.21.35:509][  0]LogTargetPlatformManager: Display: Building Assets For Windows
[2019.02.07-11.21.36:273][  0]LogShaderCompilers: Guid format shader working directory is -19 characters bigger than the processId version (C:/Users/happy/OneDrive/Рабочий стол/Hunger-Games_2_0/HungerGames/Intermediate/Shaders/WorkingDirectory/9116/).
[2019.02.07-11.21.36:273][  0]LogShaderCompilers: Cleaned the shader compiler working directory 'C:/Users/happy/AppData/Local/Temp/UnrealShaderWorkingDir/33D4B0904920C8B47E61729D27BA3235/'.
[2019.02.07-11.21.36:309][  0]LogXGEController: Cleaning working directory: C:/Users/happy/AppData/Local/Temp/UnrealXGEWorkingDir/
[2019.02.07-11.21.36:309][  0]LogXGEController: Cannot use XGE Controller as Incredibuild is not installed on this machine.
[2019.02.07-11.21.36:309][  0]LogShaderCompilers: Cannot use XGE Shader Compiler as Incredibuild is not installed on this machine.
[2019.02.07-11.21.36:309][  0]LogShaderCompilers: Display: Using Local Shader Compiler.
[2019.02.07-11.21.38:997][  0]LogDerivedDataCache: Display: Max Cache Size: 512 MB
[2019.02.07-11.21.39:232][  0]LogDerivedDataCache: Loaded boot cache 0.23s 73MB C:/Users/happy/AppData/Local/UnrealEngine/4.21/DerivedDataCache/Boot.ddc.
[2019.02.07-11.21.39:232][  0]LogDerivedDataCache: Display: Loaded Boot cache: C:/Users/happy/AppData/Local/UnrealEngine/4.21/DerivedDataCache/Boot.ddc
[2019.02.07-11.21.39:233][  0]LogDerivedDataCache: FDerivedDataBackendGraph:  Pak pak cache file C:/Users/happy/OneDrive/Рабочий стол/Hunger-Games_2_0/HungerGames/DerivedDataCache/DDC.ddp not found, will not use a pak cache.
[2019.02.07-11.21.39:233][  0]LogDerivedDataCache: Unable to find inner node Pak for hierarchical cache Hierarchy.
[2019.02.07-11.21.39:233][  0]LogDerivedDataCache: FDerivedDataBackendGraph:  CompressedPak pak cache file C:/Users/happy/OneDrive/Рабочий стол/Hunger-Games_2_0/HungerGames/DerivedDataCache/Compressed.ddp not found, will not use a pak cache.
[2019.02.07-11.21.39:233][  0]LogDerivedDataCache: Unable to find inner node CompressedPak for hierarchical cache Hierarchy.
[2019.02.07-11.21.39:293][  0]LogDerivedDataCache: Display: Pak cache opened for reading ../../../Engine/DerivedDataCache/Compressed.ddp.
[2019.02.07-11.21.39:293][  0]LogDerivedDataCache: FDerivedDataBackendGraph:  EnterprisePak pak cache file ../../../Enterprise/DerivedDataCache/Compressed.ddp not found, will not use a pak cache.
[2019.02.07-11.21.39:293][  0]LogDerivedDataCache: Unable to find inner node EnterprisePak for hierarchical cache Hierarchy.
[2019.02.07-11.21.39:320][  0]LogDerivedDataCache: Using Local data cache path C:/Users/happy/AppData/Local/UnrealEngine/Common/DerivedDataCache: Writable
[2019.02.07-11.21.39:320][  0]LogDerivedDataCache: Shared data cache path not found in *engine.ini, will not use an Shared cache.
[2019.02.07-11.21.39:320][  0]LogDerivedDataCache: Unable to find inner node Shared for hierarchical cache Hierarchy.
[2019.02.07-11.21.39:437][  0]LogMaterial: Verifying Global Shaders for PCD3D_SM5
[2019.02.07-11.21.39:552][  0]LogSlate: Using FreeType 2.6.0
[2019.02.07-11.21.39:716][  0]LogSlate: SlateFontServices - WITH_FREETYPE: 1, WITH_HARFBUZZ: 1
[2019.02.07-11.21.40:548][  0]LogAssetRegistry: FAssetRegistry took 0.0550 seconds to start up
[2019.02.07-11.21.48:384][  0]LogInit: Selected Device Profile: [Windows]
[2019.02.07-11.21.50:194][  0]LogSimplygon: Simplygon DLL not present - disabling.
[2019.02.07-11.21.50:396][  0]LogMeshReduction: Using SimplygonSwarm for distributed automatic mesh merging
[2019.02.07-11.21.50:396][  0]LogMeshReduction: Using ProxyLODMeshReduction for automatic mesh merging
[2019.02.07-11.21.50:397][  0]LogMeshReduction: Using QuadricMeshReduction for automatic static mesh reduction
[2019.02.07-11.21.50:397][  0]LogMeshReduction: No automatic skeletal mesh reduction module available
[2019.02.07-11.21.51:151][  0]LogNetVersion: HungerGames 1.0.0, NetCL: 4541578, EngineNetVer: 5, GameNetVer: 0 (Checksum: 1500245044)
[2019.02.07-11.21.57:220][  0]LogPackageLocalizationCache: Processed 11 localized package path(s) for 2 prioritized culture(s) in 0.184129 seconds
[2019.02.07-11.21.57:250][  0]LogUObjectArray: 39775 objects as part of root set at end of initial load.
[2019.02.07-11.21.57:250][  0]LogUObjectAllocator: 6914656 out of 0 bytes used by permanent object pool.
[2019.02.07-11.21.57:250][  0]LogUObjectArray: CloseDisregardForGC: 0/0 objects in disregard for GC pool
[2019.02.07-11.22.07:542][  0]LogTcpMessaging: Initializing TcpMessaging bridge
[2019.02.07-11.22.07:572][  0]LogUdpMessaging: Initializing bridge on interface 0.0.0.0:0 to multicast group 230.0.0.1:6666.
[2019.02.07-11.22.10:097][  0]SourceControl: Source control is disabled
[2019.02.07-11.22.10:107][  0]SourceControl: Source control is disabled
[2019.02.07-11.22.10:226][  0]SourceControl: Source control is disabled
[2019.02.07-11.22.10:249][  0]SourceControl: Source control is disabled
[2019.02.07-11.22.11:601][  0]LogAndroidPermission: UAndroidPermissionCallbackProxy::GetInstance
[2019.02.07-11.22.11:787][  0]LogOcInput: OculusInput pre-init called
[2019.02.07-11.22.14:361][  0]LogEngine: Initializing Engine...
[2019.02.07-11.22.14:414][  0]LogHMD: Failed to initialize OpenVR with code 110
[2019.02.07-11.22.14:467][  0]LogStats: UGameplayTagsManager::ConstructGameplayTagTree: ImportINI prefixes -  0.000 s
[2019.02.07-11.22.14:467][  0]LogStats: UGameplayTagsManager::ConstructGameplayTagTree: Construct from data asset -  0.000 s
[2019.02.07-11.22.14:489][  0]LogStats: UGameplayTagsManager::ConstructGameplayTagTree: ImportINI -  0.022 s
[2019.02.07-11.22.14:489][  0]LogStats: UGameplayTagsManager::ConstructGameplayTagTree: GameplayTagTreeChangedEvent.Broadcast -  0.000 s
[2019.02.07-11.22.15:424][  0]LogInit: Initializing FReadOnlyCVARCache
[2019.02.07-11.22.16:674][  0]LogAIModule: Creating AISystem for world Untitled
[2019.02.07-11.22.17:010][  0]LogInit: XAudio2 using 'Наушники (Устройство с поддержкой High Definition Audio)' : 2 channels at 48 kHz using 16 bits per sample (channel mask 0x3)
[2019.02.07-11.22.17:051][  0]LogInit: FAudioDevice initialized.
[2019.02.07-11.22.17:051][  0]LogNetVersion: Set ProjectVersion to 1.0.0.0. Version Checksum will be recalculated on next use.
[2019.02.07-11.22.17:171][  0]LogDerivedDataCache: Saved boot cache 0.12s 73MB C:/Users/happy/AppData/Local/UnrealEngine/4.21/DerivedDataCache/Boot.ddc.
[2019.02.07-11.22.17:185][  0]LogInit: Texture streaming: Enabled
[2019.02.07-11.22.17:432][  0]LogEngineSessionManager: EngineSessionManager initialized
[2019.02.07-11.22.17:432][  0]LogEngineSessionManager: EngineSessionManager sent abnormal shutdown report. Type=AbnormalShutdown, SessionId={27363488-4CD1-F1EB-3506-3892A57F290F}
[2019.02.07-11.22.17:847][  0]LogInit: Transaction tracking system initialized
[2019.02.07-11.22.18:402][  0]BlueprintLog: New page: Editor Load
[2019.02.07-11.22.20:073][  0]LocalizationService: Localization service is disabled
[2019.02.07-11.22.20:789][  0]LogLinker: Warning: Can't find file '/Game/FirstPersonBP/FirstPersonOverview'
[2019.02.07-11.22.20:789][  0]LogLinker: Warning: Can't find file '/Game/FirstPersonBP/FirstPersonOverview'
[2019.02.07-11.22.20:789][  0]LogUObjectGlobals: Warning: Failed to find object 'Class /Game/FirstPersonBP/FirstPersonOverview.FirstPersonOverview_C'
[2019.02.07-11.22.24:984][  0]LogFileCache: Scanning file cache for directory 'C:/Users/happy/OneDrive/Рабочий стол/Hunger-Games_2_0/HungerGames/Content/' took 0.03s
[2019.02.07-11.22.24:984][  0]LogCook: Display: Max memory allowance for cook 16384mb min free memory 0mb
[2019.02.07-11.22.24:985][  0]LogCook: Display: Mobile HDR setting 1
[2019.02.07-11.22.24:989][  0]LogGameplayTags: Display: UGameplayTagsManager::DoneAddingNativeTags. DelegateIsBound: 0
[2019.02.07-11.22.24:989][  0]LogStats: UGameplayTagsManager::ConstructGameplayTagTree: ImportINI prefixes -  0.000 s
[2019.02.07-11.22.24:989][  0]LogStats: UGameplayTagsManager::ConstructGameplayTagTree: Construct from data asset -  0.000 s
[2019.02.07-11.22.24:989][  0]LogStats: UGameplayTagsManager::ConstructGameplayTagTree: ImportINI -  0.000 s
[2019.02.07-11.22.24:989][  0]LogStats: UGameplayTagsManager::ConstructGameplayTagTree: GameplayTagTreeChangedEvent.Broadcast -  0.000 s
[2019.02.07-11.22.27:021][  0]SourceControl: Source control is disabled
[2019.02.07-11.22.27:073][  0]Cmd: MAP LOAD FILE="C:/Users/happy/OneDrive/Рабочий стол/Hunger-Games_2_0/HungerGames/Content/CommonContent/Maps/Minimal_Default.umap" TEMPLATE=0 SHOWPROGRESS=1 FEATURELEVEL=3
[2019.02.07-11.22.27:115][  0]LightingResults: New page: Lighting Build
[2019.02.07-11.22.27:515][  0]MapCheck: New page: Map Check
[2019.02.07-11.22.27:515][  0]LightingResults: New page: Lighting Build
[2019.02.07-11.22.30:377][  0]LogAIModule: Creating AISystem for world Minimal_Default
[2019.02.07-11.22.31:501][  0]LogEditorServer: Finished looking for orphan Actors (0.000 secs)
[2019.02.07-11.22.31:779][  0]Cmd: MAP CHECKDEP NOCLEARLOG
[2019.02.07-11.22.31:782][  0]MapCheck: Map check complete: 0 Error(s), 0 Warning(s), took 0,237ms to complete.
[2019.02.07-11.22.31:795][  0]LogFileHelpers: Loading map 'Minimal_Default' took 4.735
[2019.02.07-11.22.34:121][  0]LogCollectionManager: Loaded 0 collections in 0.001977 seconds
[2019.02.07-11.22.34:469][  0]LogFileCache: Scanning file cache for directory 'C:/Users/happy/OneDrive/Рабочий стол/Hunger-Games_2_0/HungerGames/Saved/Collections/' took 0.01s
[2019.02.07-11.22.34:469][  0]LogFileCache: Scanning file cache for directory 'C:/Users/happy/OneDrive/Рабочий стол/Hunger-Games_2_0/HungerGames/Content/Developers/happy/Collections/' took 0.01s
[2019.02.07-11.22.34:469][  0]LogFileCache: Scanning file cache for directory 'C:/Users/happy/OneDrive/Рабочий стол/Hunger-Games_2_0/HungerGames/Content/Collections/' took 0.00s
[2019.02.07-11.22.34:469][  0]LogCollectionManager: Rebuilt the GUID cache for 0 collections in 0.000000 seconds
[2019.02.07-11.22.34:524][  0]LogContentBrowser: Native class hierarchy populated in 0.0531 seconds. Added 2652 classes and 622 folders.
[2019.02.07-11.22.34:729][  0]LogContentBrowser: Native class hierarchy updated for 'WidgetCarousel' in 0.0006 seconds. Added 0 classes and 0 folders.
[2019.02.07-11.22.34:801][  0]LogPakFile: Registered encryption key '00000000000000000000000000000000': 0 pak files mounted, 0 remain pending
[2019.02.07-11.22.34:881][  0]LogPakFile: Registered encryption key '00000000000000000000000000000000': 0 pak files mounted, 0 remain pending
[2019.02.07-11.22.34:894][  0]LogPakFile: Registered encryption key '00000000000000000000000000000000': 0 pak files mounted, 0 remain pending
[2019.02.07-11.22.34:921][  0]LogPakFile: Registered encryption key '00000000000000000000000000000000': 0 pak files mounted, 0 remain pending
[2019.02.07-11.22.34:934][  0]LogPakFile: Registered encryption key '00000000000000000000000000000000': 0 pak files mounted, 0 remain pending
[2019.02.07-11.22.34:940][  0]LogPakFile: Registered encryption key '00000000000000000000000000000000': 0 pak files mounted, 0 remain pending
[2019.02.07-11.22.34:946][  0]LogPakFile: Registered encryption key '00000000000000000000000000000000': 0 pak files mounted, 0 remain pending
[2019.02.07-11.22.34:972][  0]LogPakFile: Registered encryption key '00000000000000000000000000000000': 0 pak files mounted, 0 remain pending
[2019.02.07-11.22.34:992][  0]LogPakFile: Registered encryption key '00000000000000000000000000000000': 0 pak files mounted, 0 remain pending
[2019.02.07-11.22.35:018][  0]LogPakFile: Registered encryption key '00000000000000000000000000000000': 0 pak files mounted, 0 remain pending
[2019.02.07-11.22.35:031][  0]LogPakFile: Registered encryption key '00000000000000000000000000000000': 0 pak files mounted, 0 remain pending
[2019.02.07-11.22.35:043][  0]LogPakFile: Registered encryption key '00000000000000000000000000000000': 0 pak files mounted, 0 remain pending
[2019.02.07-11.22.35:071][  0]LogPakFile: Registered encryption key '00000000000000000000000000000000': 0 pak files mounted, 0 remain pending
[2019.02.07-11.22.35:090][  0]LogPakFile: Registered encryption key '00000000000000000000000000000000': 0 pak files mounted, 0 remain pending
[2019.02.07-11.22.35:137][  0]LogPakFile: Registered encryption key '00000000000000000000000000000000': 0 pak files mounted, 0 remain pending
[2019.02.07-11.22.35:158][  0]LogPakFile: Registered encryption key '00000000000000000000000000000000': 0 pak files mounted, 0 remain pending
[2019.02.07-11.22.35:173][  0]LogPakFile: Registered encryption key '00000000000000000000000000000000': 0 pak files mounted, 0 remain pending
[2019.02.07-11.22.35:193][  0]LogPakFile: Registered encryption key '00000000000000000000000000000000': 0 pak files mounted, 0 remain pending
[2019.02.07-11.22.35:208][  0]LogPakFile: Registered encryption key '00000000000000000000000000000000': 0 pak files mounted, 0 remain pending
[2019.02.07-11.22.35:224][  0]LogPakFile: Registered encryption key '00000000000000000000000000000000': 0 pak files mounted, 0 remain pending
[2019.02.07-11.22.35:245][  0]LogPakFile: Registered encryption key '00000000000000000000000000000000': 0 pak files mounted, 0 remain pending
[2019.02.07-11.22.35:262][  0]LogPakFile: Registered encryption key '00000000000000000000000000000000': 0 pak files mounted, 0 remain pending
[2019.02.07-11.22.35:290][  0]LogPakFile: Registered encryption key '00000000000000000000000000000000': 0 pak files mounted, 0 remain pending
[2019.02.07-11.22.35:316][  0]LogPakFile: Registered encryption key '00000000000000000000000000000000': 0 pak files mounted, 0 remain pending
[2019.02.07-11.22.35:331][  0]LogPakFile: Registered encryption key '00000000000000000000000000000000': 0 pak files mounted, 0 remain pending
[2019.02.07-11.22.35:354][  0]LogPakFile: Registered encryption key '00000000000000000000000000000000': 0 pak files mounted, 0 remain pending
[2019.02.07-11.22.36:341][  0]LogContentBrowser: Native class hierarchy updated for 'AddContentDialog' in 0.0006 seconds. Added 0 classes and 0 folders.
[2019.02.07-11.22.36:829][  0]LogSlate: Updating window title bar state: overlay mode, drag disabled, window buttons hidden, title bar hidden
[2019.02.07-11.22.36:840][  0]LogSlate: Updating window title bar state: overlay mode, drag disabled, window buttons hidden, title bar hidden
[2019.02.07-11.22.36:849][  0]LogSlate: Updating window title bar state: overlay mode, drag disabled, window buttons hidden, title bar hidden
[2019.02.07-11.22.36:857][  0]LogSlate: Updating window title bar state: overlay mode, drag disabled, window buttons hidden, title bar hidden
[2019.02.07-11.22.36:916][  0]LogContentBrowser: Native class hierarchy updated for 'SceneOutliner' in 0.0007 seconds. Added 1 classes and 2 folders.
[2019.02.07-11.22.38:559][  0]LogContentBrowser: Native class hierarchy updated for 'HierarchicalLODOutliner' in 0.0006 seconds. Added 0 classes and 0 folders.
[2019.02.07-11.22.38:559][  0]LogLoad: (Engine Initialization) Total time: 88.69 seconds
[2019.02.07-11.22.38:559][  0]LogLoad: (Engine Initialization) Total Blueprint compile time: 0.00 seconds
[2019.02.07-11.22.39:462][  0]LogContentStreaming: Texture pool size now 1000 MB
[2019.02.07-11.22.39:745][  0]LogSlate: Took 0.019195 seconds to synchronously load lazily loaded font '../../../Engine/Content/Slate/Fonts/Roboto-Regular.ttf' (155K)
[2019.02.07-11.22.39:817][  0]LogSlate: Took 0.026918 seconds to synchronously load lazily loaded font '../../../Engine/Content/Slate/Fonts/Roboto-Bold.ttf' (160K)
[2019.02.07-11.22.39:834][  0]LogSlate: Took 0.015323 seconds to synchronously load lazily loaded font '../../../Engine/Content/Editor/Slate/Fonts/FontAwesome.ttf' (139K)
[2019.02.07-11.22.40:712][  1]LogRenderer: Reallocating scene render targets to support 744x596 Format 10 NumSamples 1 (Frame:1).
[2019.02.07-11.22.42:354][  4]LogAssetRegistry: Asset discovery search completed in 61.8289 seconds
[2019.02.07-11.22.42:383][  4]LogCollectionManager: Rebuilt the object cache for 0 collections in 0.000001 seconds (found 0 objects)
[2019.02.07-11.22.42:383][  4]LogCollectionManager: Fixed up redirectors for 0 collections in 0.011678 seconds (updated 0 objects)
[2019.02.07-11.33.46:348][984]LogSlate: FSceneViewport::OnFocusLost() reason 0
[2019.02.07-11.33.53:669][283]LogSlate: Took 0.013133 seconds to synchronously load lazily loaded font '../../../Engine/Content/Slate/Fonts/Roboto-Light.ttf' (167K)
[2019.02.07-11.33.53:803][283]LogRenderer: Reallocating scene render targets to support 1104x912 Format 10 NumSamples 1 (Frame:254).
[2019.02.07-11.34.02:543][279]LogSlate: Took 0.000293 seconds to synchronously load lazily loaded font '../../../Engine/Content/Slate/Fonts/Roboto-Light.ttf' (167K)
[2019.02.07-11.34.02:904][279]LogLinker: Warning: Can't find file '/Game/StarterContent/Materials/M_AssetPlatform'
[2019.02.07-11.34.02:904][279]LogLinker: Warning: Can't find file for asset '/Game/StarterContent/Materials/M_AssetPlatform' while loading C:/Users/happy/OneDrive/Рабочий стол/Hunger-Games_2_0/HungerGames/Content/DesignContent/Architecture/SM_AssetPlatform.uasset.
[2019.02.07-11.34.02:905][279]LoadErrors: Error: /Game/DesignContent/Architecture/SM_AssetPlatform : Can't find file for asset. /Game/StarterContent/Materials/M_AssetPlatform
[2019.02.07-11.34.02:905][279]LogLinker: Warning: Can't find file '/Game/StarterContent/Materials/M_AssetPlatform'
[2019.02.07-11.34.02:905][279]LogLinker: Warning: Can't find file for asset '/Game/StarterContent/Materials/M_AssetPlatform' while loading C:/Users/happy/OneDrive/Рабочий стол/Hunger-Games_2_0/HungerGames/Content/DesignContent/Architecture/SM_AssetPlatform.uasset.
[2019.02.07-11.34.02:940][279]LogLinker: Warning: Can't find file '/Game/StarterContent/Materials/M_AssetPlatform'
[2019.02.07-11.34.02:940][279]LoadErrors: Failed to load /Game/StarterContent/Materials/M_AssetPlatform.M_AssetPlatform Referenced by SM_AssetPlatform
[2019.02.07-11.34.02:940][279]LogLinker: Warning: Can't find file for asset '/Game/StarterContent/Materials/M_AssetPlatform' while loading NULL.
[2019.02.07-11.34.02:941][279]LogLinker: Warning: Can't find file '/Game/StarterContent/Materials/M_AssetPlatform'
[2019.02.07-11.34.02:941][279]LogLinker: Warning: Can't find file for asset '/Game/StarterContent/Materials/M_AssetPlatform' while loading NULL.
[2019.02.07-11.34.03:610][279]LogAIModule: Creating AISystem for world Advanced_Lighting
[2019.02.07-11.34.03:831][279]LogAssetEditorManager: Opening Asset editor for World /Game/CommonContent/Maps/Advanced_Lighting.Advanced_Lighting
[2019.02.07-11.34.04:088][279]Cmd: MAP LOAD FILE="C:/Users/happy/OneDrive/Рабочий стол/Hunger-Games_2_0/HungerGames/Content/CommonContent/Maps/Advanced_Lighting.umap" TEMPLATE=0 SHOWPROGRESS=1 FEATURELEVEL=3
[2019.02.07-11.34.04:089][279]LightingResults: New page: Lighting Build
[2019.02.07-11.34.04:089][279]LoadErrors: New page: Loading map: Advanced_Lighting.umap
[2019.02.07-11.34.04:215][279]MapCheck: New page: Map Check
[2019.02.07-11.34.04:215][279]LightingResults: New page: Lighting Build
[2019.02.07-11.34.04:801][279]LogEditorServer: Finished looking for orphan Actors (0.000 secs)
[2019.02.07-11.34.04:966][279]Cmd: MAP CHECKDEP NOCLEARLOG
[2019.02.07-11.34.04:967][279]MapCheck: Map check complete: 0 Error(s), 0 Warning(s), took 0,171ms to complete.
[2019.02.07-11.34.04:967][279]LogFileHelpers: Loading map 'Advanced_Lighting' took 0.959
[2019.02.07-11.34.05:145][282]LogRenderer: Warning: Gaussian DOF algorithm is deprecated and will be removed from deferred shading renderer. Consider using the Circle DOF method in post process settings.
[2019.02.07-11.34.08:894][713]LogAIModule: Creating AISystem for world Minimal_Default
[2019.02.07-11.34.08:898][713]LogAssetEditorManager: Opening Asset editor for World /Game/CommonContent/Maps/Minimal_Default.Minimal_Default
[2019.02.07-11.34.08:994][713]Cmd: MAP LOAD FILE="C:/Users/happy/OneDrive/Рабочий стол/Hunger-Games_2_0/HungerGames/Content/CommonContent/Maps/Minimal_Default.umap" TEMPLATE=0 SHOWPROGRESS=1 FEATURELEVEL=3
[2019.02.07-11.34.08:995][713]LightingResults: New page: Lighting Build
[2019.02.07-11.34.08:995][713]LoadErrors: New page: Loading map: Minimal_Default.umap
[2019.02.07-11.34.08:996][713]MapCheck: New page: Map Check
[2019.02.07-11.34.08:996][713]LightingResults: New page: Lighting Build
[2019.02.07-11.34.09:166][713]LogEditorServer: Finished looking for orphan Actors (0.000 secs)
[2019.02.07-11.34.09:281][713]Cmd: MAP CHECKDEP NOCLEARLOG
[2019.02.07-11.34.09:281][713]MapCheck: Map check complete: 0 Error(s), 0 Warning(s), took 0,143ms to complete.
[2019.02.07-11.34.09:281][713]LogFileHelpers: Loading map 'Minimal_Default' took 0.287
[2019.02.07-11.34.14:081][855]LogAIModule: Creating AISystem for world StarterMap
[2019.02.07-11.34.14:160][855]LogAssetEditorManager: Opening Asset editor for World /Game/CommonContent/Maps/StarterMap.StarterMap
[2019.02.07-11.34.14:261][855]Cmd: MAP LOAD FILE="C:/Users/happy/OneDrive/Рабочий стол/Hunger-Games_2_0/HungerGames/Content/CommonContent/Maps/StarterMap.umap" TEMPLATE=0 SHOWPROGRESS=1 FEATURELEVEL=3
[2019.02.07-11.34.14:261][855]LightingResults: New page: Lighting Build
[2019.02.07-11.34.14:262][855]LoadErrors: New page: Loading map: StarterMap.umap
[2019.02.07-11.34.14:263][855]MapCheck: New page: Map Check
[2019.02.07-11.34.14:263][855]LightingResults: New page: Lighting Build
[2019.02.07-11.34.14:564][855]LogEditorServer: Finished looking for orphan Actors (0.000 secs)
[2019.02.07-11.34.14:682][855]Cmd: MAP CHECKDEP NOCLEARLOG
[2019.02.07-11.34.14:683][855]MapCheck: Map check complete: 0 Error(s), 0 Warning(s), took 0,176ms to complete.
[2019.02.07-11.34.14:683][855]LogFileHelpers: Loading map 'StarterMap' took 0.422
[2019.02.07-11.34.15:749][925]LogTemp: Repeating last play command: Selected Viewport
[2019.02.07-11.34.16:127][925]LogBlueprintUserMessages: Early PlayInEditor Detection: Level '/Game/CommonContent/Maps/StarterMap.StarterMap:PersistentLevel' has LevelScriptBlueprint '/Game/CommonContent/Maps/StarterMap.StarterMap:PersistentLevel.StarterMap' with GeneratedClass '/Game/CommonContent/Maps/StarterMap.StarterMap_C' with ClassGeneratedBy '/Game/CommonContent/Maps/StarterMap.StarterMap:PersistentLevel.StarterMap'
[2019.02.07-11.34.16:349][925]LogPlayLevel: PlayLevel: No blueprints needed recompiling
[2019.02.07-11.34.16:495][925]PIE: New page: PIE session: StarterMap (7 февр. 2019 г., 17:34:16)
[2019.02.07-11.34.17:099][925]LogPlayLevel: Creating play world package: /Game/CommonContent/Maps/UEDPIE_0_StarterMap
[2019.02.07-11.34.17:437][925]LogPlayLevel: PIE: StaticDuplicateObject took: (0.337766s)
[2019.02.07-11.34.17:438][925]LogAIModule: Creating AISystem for world StarterMap
[2019.02.07-11.34.17:456][925]LogPlayLevel: PIE: World Init took: (0.019072s)
[2019.02.07-11.34.17:456][925]LogPlayLevel: PIE: Created PIE world by copying editor world from /Game/CommonContent/Maps/StarterMap.StarterMap to /Game/CommonContent/Maps/UEDPIE_0_StarterMap.StarterMap (0.357499s)
[2019.02.07-11.34.17:657][925]LogInit: XAudio2 using 'Наушники (Устройство с поддержкой High Definition Audio)' : 2 channels at 48 kHz using 16 bits per sample (channel mask 0x3)
[2019.02.07-11.34.17:671][925]LogInit: FAudioDevice initialized.
[2019.02.07-11.34.17:875][925]LogUObjectGlobals: Warning: Failed to find object 'Class /Script/HungerGames.HungerGamesGameMode'
[2019.02.07-11.34.17:875][925]LogLoad: Game class is 'GameModeBase'
[2019.02.07-11.34.18:071][925]LogWorld: Bringing World /Game/CommonContent/Maps/UEDPIE_0_StarterMap.StarterMap up for play (max tick rate 0) at 2019.02.07-14.34.18
[2019.02.07-11.34.18:220][925]LogWorld: Bringing up level for play took: 0.178273
[2019.02.07-11.34.18:628][925]LogContentBrowser: Native class hierarchy updated for 'MovieSceneCapture' in 0.0007 seconds. Added 20 classes and 0 folders.
[2019.02.07-11.34.18:814][925]PIE: Play in editor start time for /Game/CommonContent/Maps/UEDPIE_0_StarterMap 3,629
[2019.02.07-11.34.18:815][925]LogBlueprintUserMessages: Late PlayInEditor Detection: Level '/Game/CommonContent/Maps/StarterMap.StarterMap:PersistentLevel' has LevelScriptBlueprint '/Game/CommonContent/Maps/StarterMap.StarterMap:PersistentLevel.StarterMap' with GeneratedClass '/Game/CommonContent/Maps/StarterMap.StarterMap_C' with ClassGeneratedBy '/Game/CommonContent/Maps/StarterMap.StarterMap:PersistentLevel.StarterMap'
[2019.02.07-11.34.27:232][839]LogBlueprintUserMessages: Early EndPlayMap Detection: Level '/Game/CommonContent/Maps/StarterMap.StarterMap:PersistentLevel' has LevelScriptBlueprint '/Game/CommonContent/Maps/StarterMap.StarterMap:PersistentLevel.StarterMap' with GeneratedClass '/Game/CommonContent/Maps/StarterMap.StarterMap_C' with ClassGeneratedBy '/Game/CommonContent/Maps/StarterMap.StarterMap:PersistentLevel.StarterMap'
[2019.02.07-11.34.27:289][839]LogSlate: Updating window title bar state: overlay mode, drag disabled, window buttons hidden, title bar hidden
[2019.02.07-11.34.27:477][839]LogPlayLevel: Display: Shutting down PIE online subsystems
[2019.02.07-11.34.27:483][839]LogBlueprintUserMessages: Late EndPlayMap Detection: Level '/Game/CommonContent/Maps/StarterMap.StarterMap:PersistentLevel' has LevelScriptBlueprint '/Game/CommonContent/Maps/StarterMap.StarterMap:PersistentLevel.StarterMap' with GeneratedClass '/Game/CommonContent/Maps/StarterMap.StarterMap_C' with ClassGeneratedBy '/Game/CommonContent/Maps/StarterMap.StarterMap:PersistentLevel.StarterMap'
[2019.02.07-11.34.27:594][839]LogSlate: Updating window title bar state: overlay mode, drag disabled, window buttons hidden, title bar hidden
[2019.02.07-11.34.27:814][840]LogPlayLevel: Display: Destroying online subsystem :Context_1
[2019.02.07-13.58.42:996][201]LogWindowsTextInputMethodSystem: Display: IME system now deactivated.
[2019.02.07-13.58.42:997][201]LogWindowsTextInputMethodSystem: Display: IME system now deactivated.
